Express server listening on port 3001
[90mGET / [32m200 [90m304ms - 1.73kb[0m
[90mGET /stylesheets/style.css [32m200 [90m66ms - 4.22kb[0m
[90mGET /images/html5-small.png [36m304 [90m4ms[0m
[90mGET /images/social-small.png [36m304 [90m3ms[0m
[90mGET /images/sidebar-small.png [36m304 [90m2ms[0m
[90mGET / [32m200 [90m14ms - 1.72kb[0m
[90mGET /stylesheets/style.css [36m304 [90m1ms[0m
[90mGET / [32m200 [90m16ms - 2.25kb[0m
[90mGET /stylesheets/style.css [36m304 [90m1ms[0m
[90mGET / [36m304 [90m11ms[0m
[90mGET /stylesheets/style.css [36m304 [90m1ms[0m
[90mGET / [36m304 [90m8ms[0m
[90mGET /stylesheets/style.css [36m304 [90m1ms[0m
[90mGET / [36m304 [90m5ms[0m
[90mGET /stylesheets/style.css [36m304 [90m1ms[0m
[90mGET /images/social-small.png [36m304 [90m1ms[0m
[90mGET /images/html5-small.png [36m304 [90m1ms[0m
[90mGET /images/sidebar-small.png [36m304 [90m1ms[0m
[90mGET / [32m200 [90m10ms - 2.49kb[0m
[90mGET /stylesheets/style.css [36m304 [90m2ms[0m
[90mGET / [32m200 [90m8ms - 2.48kb[0m
[90mGET /stylesheets/style.css [36m304 [90m2ms[0m
[90mGET / [36m304 [90m9ms[0m
[90mGET /stylesheets/style.css [36m304 [90m1ms[0m
[90mGET / [32m200 [90m8ms - 2.5kb[0m
[90mGET /stylesheets/style.css [36m304 [90m2ms[0m
[90mGET / [32m200 [90m10ms - 2.51kb[0m
[90mGET /stylesheets/style.css [36m304 [90m1ms[0m
[90mGET / [32m200 [90m5ms - 2.48kb[0m
[90mGET /stylesheets/style.css [36m304 [90m1ms[0m
[90mGET / [36m304 [90m7ms[0m
[90mGET /stylesheets/style.css [32m200 [90m20ms - 4.28kb[0m
[90mGET /images/social-small.png [36m304 [90m1ms[0m
[90mGET /images/html5-small.png [36m304 [90m1ms[0m
[90mGET / [36m304 [90m8ms[0m
[90mGET /stylesheets/style.css [32m200 [90m17ms - 4.31kb[0m
[90mGET /images/social-small.png [36m304 [90m1ms[0m
[90mGET /images/html5-small.png [36m304 [90m0ms[0m
[90mGET /images/sidebar-small.png [36m304 [90m2ms[0m
[90mGET / [31m500 [90m61ms[0m
[90mGET / [32m200 [90m10ms - 2.59kb[0m
[90mGET /stylesheets/style.css [36m304 [90m2ms[0m
[90mGET / [36m304 [90m10ms[0m
[90mGET /stylesheets/style.css [32m200 [90m17ms - 4.32kb[0m
[90mGET /images/social-small.png [36m304 [90m2ms[0m
[90mGET /images/html5-small.png [36m304 [90m1ms[0m
[90mGET /images/sidebar-small.png [36m304 [90m1ms[0m
[90mGET / [36m304 [90m15ms[0m
[90mGET /stylesheets/style.css [32m200 [90m19ms - 4.32kb[0m
[90mGET /images/social-small.png [36m304 [90m4ms[0m
[90mGET /images/html5-small.png [36m304 [90m2ms[0m
[90mGET /images/sidebar-small.png [36m304 [90m1ms[0m
[90mGET / [36m304 [90m9ms[0m
[90mGET /stylesheets/style.css [32m200 [90m26ms - 4.34kb[0m
[90mGET /images/social-small.png [36m304 [90m1ms[0m
[90mGET /images/html5-small.png [36m304 [90m1ms[0m
[90mGET /images/sidebar-small.png [36m304 [90m1ms[0m
[90mGET / [36m304 [90m9ms[0m
[90mGET /stylesheets/style.css [32m200 [90m16ms - 4.31kb[0m
[90mGET /images/social-small.png [36m304 [90m1ms[0m
[90mGET /images/sidebar-small.png [36m304 [90m2ms[0m
[90mGET /images/html5-small.png [36m304 [90m1ms[0m
[90mGET / [36m304 [90m6ms[0m
[90mGET /stylesheets/style.css [32m200 [90m13ms - 4.31kb[0m
[90mGET /images/social-small.png [36m304 [90m2ms[0m
[90mGET /images/html5-small.png [36m304 [90m1ms[0m
[90mGET / [36m304 [90m7ms[0m
[90mGET /stylesheets/style.css [32m200 [90m14ms - 4.17kb[0m
[90mGET /images/social-small.png [36m304 [90m2ms[0m
[90mGET /images/html5-small.png [36m304 [90m1ms[0m
[90mGET /images/sidebar-small.png [36m304 [90m1ms[0m
[90mGET / [36m304 [90m7ms[0m
[90mGET /stylesheets/style.css [32m200 [90m13ms - 4.21kb[0m
[90mGET /images/social-small.png [36m304 [90m3ms[0m
[90mGET /images/html5-small.png [36m304 [90m2ms[0m
[90mGET /images/sidebar-small.png [36m304 [90m1ms[0m
[90mGET / [36m304 [90m8ms[0m
[90mGET /stylesheets/style.css [36m304 [90m3ms[0m
[90mGET / [36m304 [90m6ms[0m
[90mGET /stylesheets/style.css [36m304 [90m1ms[0m
[90mGET /images/social-small.png [36m304 [90m1ms[0m
[90mGET /images/sidebar-small.png [36m304 [90m1ms[0m
[90mGET /images/html5-small.png [36m304 [90m1ms[0m
[90mGET / [32m200 [90m8ms - 2.62kb[0m
[90mGET /stylesheets/style.css [32m200 [90m12ms - 4.24kb[0m
[90mGET /images/social-small.png [36m304 [90m2ms[0m
[90mGET /images/html5-small.png [36m304 [90m1ms[0m
[90mGET /images/sidebar-small.png [36m304 [90m1ms[0m
[90mGET / [36m304 [90m7ms[0m
[90mGET /stylesheets/style.css [32m200 [90m10ms - 4.25kb[0m
[90mGET /images/social-small.png [36m304 [90m1ms[0m
[90mGET /images/sidebar-small.png [36m304 [90m2ms[0m
[90mGET /images/html5-small.png [36m304 [90m2ms[0m
[90mGET / [36m304 [90m6ms[0m
[90mGET /stylesheets/style.css [32m200 [90m12ms - 4.25kb[0m
[90mGET /images/social-small.png [36m304 [90m1ms[0m
[90mGET /images/html5-small.png [36m304 [90m1ms[0m
[90mGET /images/sidebar-small.png [36m304 [90m1ms[0m
[90mGET / [36m304 [90m9ms[0m
[90mGET /stylesheets/style.css [32m200 [90m12ms - 4.29kb[0m
[90mGET /images/social-small.png [36m304 [90m1ms[0m
[90mGET /images/html5-small.png [36m304 [90m1ms[0m
[90mGET /images/sidebar-small.png [36m304 [90m2ms[0m
[90mGET / [32m200 [90m8ms - 2.71kb[0m
[90mGET /stylesheets/style.css [36m304 [90m1ms[0m
[90mGET / [32m200 [90m8ms - 2.74kb[0m
[90mGET /stylesheets/style.css [36m304 [90m1ms[0m
[90mGET / [32m200 [90m8ms - 2.74kb[0m
[90mGET /stylesheets/style.css [36m304 [90m1ms[0m
[90mGET / [32m200 [90m6ms - 2.74kb[0m
[90mGET /stylesheets/style.css [36m304 [90m2ms[0m
[90mGET / [36m304 [90m5ms[0m
[90mGET /stylesheets/style.css [32m200 [90m9ms - 4.33kb[0m
[90mGET /images/social-small.png [36m304 [90m1ms[0m
[90mGET /images/html5-small.png [36m304 [90m1ms[0m
[90mGET /images/sidebar-small.png [36m304 [90m1ms[0m
[90mGET / [36m304 [90m6ms[0m
[90mGET /stylesheets/style.css [32m200 [90m12ms - 4.34kb[0m
[90mGET /images/social-small.png [36m304 [90m1ms[0m
[90mGET /images/sidebar-small.png [36m304 [90m1ms[0m
[90mGET /images/html5-small.png [36m304 [90m1ms[0m
[90mGET / [32m200 [90m8ms - 2.87kb[0m
[90mGET /stylesheets/style.css [36m304 [90m1ms[0m
[90mGET / [36m304 [90m7ms[0m
[90mGET /stylesheets/style.css [32m200 [90m13ms - 4.38kb[0m
[90mGET /images/social-small.png [36m304 [90m1ms[0m
[90mGET /images/html5-small.png [36m304 [90m1ms[0m
[90mGET /images/sidebar-small.png [36m304 [90m1ms[0m
[90mGET / [36m304 [90m7ms[0m
[90mGET /stylesheets/style.css [32m200 [90m11ms - 4.38kb[0m
[90mGET /images/social-small.png [36m304 [90m16ms[0m
[90mGET /images/html5-small.png [36m304 [90m14ms[0m
[90mGET /images/sidebar-small.png [36m304 [90m11ms[0m
[90mGET / [36m304 [90m5ms[0m
[90mGET /stylesheets/style.css [32m200 [90m9ms - 4.38kb[0m
[90mGET /images/social-small.png [36m304 [90m1ms[0m
[90mGET /images/sidebar-small.png [36m304 [90m1ms[0m
[90mGET /images/html5-small.png [36m304 [90m1ms[0m
[90mGET / [36m304 [90m10ms[0m
[90mGET /stylesheets/style.css [32m200 [90m13ms - 4.4kb[0m
[90mGET /images/social-small.png [36m304 [90m1ms[0m
[90mGET /images/sidebar-small.png [36m304 [90m3ms[0m
[90mGET /images/html5-small.png [36m304 [90m1ms[0m
[90mGET / [36m304 [90m9ms[0m
[90mGET /stylesheets/style.css [32m200 [90m12ms - 4.38kb[0m
[90mGET /images/html5-small.png [36m304 [90m2ms[0m
[90mGET /images/sidebar-small.png [36m304 [90m2ms[0m
[90mGET /images/social-small.png [36m304 [90m1ms[0m
[90mGET / [36m304 [90m11ms[0m
[90mGET /stylesheets/style.css [32m200 [90m34ms - 4.42kb[0m
[90mGET /images/html5-small.png [36m304 [90m2ms[0m
[90mGET /images/social-small.png [36m304 [90m2ms[0m
[90mGET /images/sidebar-small.png [36m304 [90m1ms[0m
[90mGET / [36m304 [90m9ms[0m
[90mGET /stylesheets/style.css [32m200 [90m13ms - 4.45kb[0m
[90mGET /images/social-small.png [36m304 [90m1ms[0m
[90mGET /images/sidebar-small.png [36m304 [90m1ms[0m
[90mGET /images/html5-small.png [36m304 [90m1ms[0m
[90mGET / [36m304 [90m6ms[0m
[90mGET /stylesheets/style.css [32m200 [90m11ms - 4.45kb[0m
[90mGET /images/social-small.png [36m304 [90m1ms[0m
[90mGET /images/html5-small.png [36m304 [90m1ms[0m
[90mGET /images/sidebar-small.png [36m304 [90m0ms[0m
[90mGET / [32m200 [90m9ms - 2.83kb[0m
[90mGET /stylesheets/style.css [36m304 [90m1ms[0m
[90mGET / [32m200 [90m8ms - 2.81kb[0m
[90mGET /stylesheets/style.css [36m304 [90m1ms[0m
[90mGET / [32m200 [90m10ms - 2.81kb[0m
[90mGET /stylesheets/style.css [36m304 [90m1ms[0m
[90mGET / [32m200 [90m8ms - 2.81kb[0m
[90mGET /stylesheets/style.css [36m304 [90m2ms[0m
Express server listening on port 3001
[90mGET / [32m200 [90m78ms - 2.81kb[0m
[90mGET /stylesheets/style.css [32m200 [90m38ms - 4.5kb[0m
[90mGET /images/social-small.png [36m304 [90m3ms[0m
[90mGET /images/sidebar-small.png [36m304 [90m3ms[0m
[90mGET /images/html5-small.png [36m304 [90m2ms[0m
[90mGET / [36m304 [90m18ms[0m
[90mGET /stylesheets/style.css [32m200 [90m23ms - 4.52kb[0m
[90mGET /images/social-small.png [36m304 [90m1ms[0m
[90mGET /images/html5-small.png [36m304 [90m0ms[0m
[90mGET / [36m304 [90m10ms[0m
[90mGET /stylesheets/style.css [32m200 [90m15ms - 4.52kb[0m
[90mGET /images/social-small.png [36m304 [90m0ms[0m
[90mGET /images/html5-small.png [36m304 [90m1ms[0m
[90mGET / [36m304 [90m10ms[0m
[90mGET /stylesheets/style.css [32m200 [90m15ms - 4.46kb[0m
[90mGET /images/social-small.png [36m304 [90m1ms[0m
[90mGET /images/html5-small.png [36m304 [90m1ms[0m
[90mGET / [36m304 [90m5ms[0m
[90mGET /stylesheets/style.css [32m200 [90m13ms - 4.48kb[0m
[90mGET /images/social-small.png [36m304 [90m1ms[0m
[90mGET /images/html5-small.png [36m304 [90m1ms[0m
[90mGET / [36m304 [90m8ms[0m
[90mGET /stylesheets/style.css [32m200 [90m17ms - 4.48kb[0m
[90mGET /images/social-small.png [36m304 [90m1ms[0m
[90mGET /images/html5-small.png [36m304 [90m1ms[0m
[90mGET / [36m304 [90m6ms[0m
[90mGET /stylesheets/style.css [32m200 [90m14ms - 4.49kb[0m
[90mGET /images/social-small.png [36m304 [90m0ms[0m
[90mGET /images/html5-small.png [36m304 [90m4ms[0m
[90mGET /images/sidebar-small.png [36m304 [90m1ms[0m
[90mGET / [32m200 [90m9ms - 2.81kb[0m
[90mGET /stylesheets/style.css [36m304 [90m2ms[0m
[90mGET / [32m200 [90m12ms - 2.98kb[0m
[90mGET /javascripts/Marmellata_400.font.js [32m200 [90m3ms - 15.09kb[0m
[90mGET /javascripts/cufon-yui.js [32m200 [90m2ms - 17.83kb[0m
[90mGET /stylesheets/style.css [36m304 [90m1ms[0m
